Determining if the pthread_create exist failed with the following output:
Change Dir: /home/yzhz-ubuntu1604/racebot_ws/build/CMakeFiles/CMakeTmp

Run Build Command:"/usr/bin/make" "cmTC_65661/fast"
/usr/bin/make -f CMakeFiles/cmTC_65661.dir/build.make CMakeFiles/cmTC_65661.dir/build
make[1]: Entering directory '/home/yzhz-ubuntu1604/racebot_ws/build/CMakeFiles/CMakeTmp'
Building C object CMakeFiles/cmTC_65661.dir/CheckSymbolExists.c.o
/usr/bin/cc     -o CMakeFiles/cmTC_65661.dir/CheckSymbolExists.c.o   -c /home/yzhz-ubuntu1604/racebot_ws/build/CMakeFiles/CMakeTmp/CheckSymbolExists.c
Linking C executable cmTC_65661
/usr/bin/cmake -E cmake_link_script CMakeFiles/cmTC_65661.dir/link.txt --verbose=1
/usr/bin/cc       CMakeFiles/cmTC_65661.dir/CheckSymbolExists.c.o  -o cmTC_65661 -rdynamic 
CMakeFiles/cmTC_65661.dir/CheckSymbolExists.c.o：在函数‘main’中：
CheckSymbolExists.c:(.text+0x16)：对‘pthread_create’未定义的引用
collect2: error: ld returned 1 exit status
CMakeFiles/cmTC_65661.dir/build.make:97: recipe for target 'cmTC_65661' failed
make[1]: *** [cmTC_65661] Error 1
make[1]: Leaving directory '/home/yzhz-ubuntu1604/racebot_ws/build/CMakeFiles/CMakeTmp'
Makefile:126: recipe for target 'cmTC_65661/fast' failed
make: *** [cmTC_65661/fast] Error 2

File /home/yzhz-ubuntu1604/racebot_ws/build/CMakeFiles/CMakeTmp/CheckSymbolExists.c:
/* */
#include <pthread.h>

int main(int argc, char** argv)
{
  (void)argv;
#ifndef pthread_create
  return ((int*)(&pthread_create))[argc];
#else
  (void)argc;
  return 0;
#endif
}

Determining if the function pthread_create exists in the pthreads failed with the following output:
Change Dir: /home/yzhz-ubuntu1604/racebot_ws/build/CMakeFiles/CMakeTmp

Run Build Command:"/usr/bin/make" "cmTC_54208/fast"
/usr/bin/make -f CMakeFiles/cmTC_54208.dir/build.make CMakeFiles/cmTC_54208.dir/build
make[1]: Entering directory '/home/yzhz-ubuntu1604/racebot_ws/build/CMakeFiles/CMakeTmp'
Building C object CMakeFiles/cmTC_54208.dir/CheckFunctionExists.c.o
/usr/bin/cc    -DCHECK_FUNCTION_EXISTS=pthread_create   -o CMakeFiles/cmTC_54208.dir/CheckFunctionExists.c.o   -c /usr/share/cmake-3.5/Modules/CheckFunctionExists.c
Linking C executable cmTC_54208
/usr/bin/cmake -E cmake_link_script CMakeFiles/cmTC_54208.dir/link.txt --verbose=1
/usr/bin/cc   -DCHECK_FUNCTION_EXISTS=pthread_create    CMakeFiles/cmTC_54208.dir/CheckFunctionExists.c.o  -o cmTC_54208 -rdynamic -lpthreads 
/usr/bin/ld: 找不到 -lpthreads
collect2: error: ld returned 1 exit status
CMakeFiles/cmTC_54208.dir/build.make:97: recipe for target 'cmTC_54208' failed
make[1]: *** [cmTC_54208] Error 1
make[1]: Leaving directory '/home/yzhz-ubuntu1604/racebot_ws/build/CMakeFiles/CMakeTmp'
Makefile:126: recipe for target 'cmTC_54208/fast' failed
make: *** [cmTC_54208/fast] Error 2


